2021-06-10 08:12:50,598  INFO [main] TestBase:33 - Opening the browser
2021-06-10 08:12:53,001  INFO [main] TestBase:38 - Inserting the Url
2021-06-10 08:12:53,365  INFO [main] TestBase:33 - Opening the browser
2021-06-10 08:12:54,757  INFO [main] TestBase:38 - Inserting the Url
2021-06-10 08:12:55,144  INFO [main] TestBase:33 - Opening the browser
2021-06-10 08:12:56,582  INFO [main] TestBase:38 - Inserting the Url
2021-06-10 08:12:57,452  INFO [main] TestBase:33 - Opening the browser
2021-06-10 08:12:58,882  INFO [main] TestBase:38 - Inserting the Url
2021-06-10 08:12:59,231  INFO [main] TestBase:33 - Opening the browser
2021-06-10 08:13:00,755  INFO [main] TestBase:38 - Inserting the Url
2021-06-10 08:13:01,143  INFO [main] TestBase:33 - Opening the browser
2021-06-10 08:13:02,702  INFO [main] TestBase:38 - Inserting the Url
2021-06-10 08:13:03,119  INFO [main] TestBase:33 - Opening the browser
2021-06-10 08:13:04,616  INFO [main] TestBase:38 - Inserting the Url
2021-06-10 08:13:04,985  INFO [main] TestBase:33 - Opening the browser
2021-06-10 08:13:06,498  INFO [main] TestBase:38 - Inserting the Url
2021-06-10 08:13:07,794  INFO [main] TestBase:107 - Clicking on Log Out Button
2021-06-10 08:13:08,191  INFO [main] TestBase:200 - Actual Message = Logout successfully
2021-06-10 08:13:08,192  INFO [main] TestBase:203 - Expected Message = Logout successfully
2021-06-10 08:13:08,192  INFO [main] TestBase:207 - Actual and Expected Message matched
